<?xml version="1.0" encoding="UTF-8"?>
<!-- Generated by org.testng.reporters.JUnitReportReporter -->
<testsuite skipped="0" hostname="abc-X551MA" name="com.selenium.HybridFramework.TestBase.RegTEST" tests="5" failures="0" timestamp="18 Jan 2018 12:38:08 GMT" time="55.289" errors="0">
  <testcase name="BrowserHelperTest" time="54.447" classname="com.selenium.HybridFramework.TestBase.RegTEST"/>
  <testcase name="doRegisterTest" time="0.192" classname="com.selenium.HybridFramework.TestBase.RegTEST"/>
  <testcase name="bbn" time="0.289" classname="com.selenium.HybridFramework.TestBase.RegTEST"/>
  <testcase name="voidbn" time="0.144" classname="com.selenium.HybridFramework.TestBase.RegTEST"/>
  <testcase name="newtest" time="0.217" classname="com.selenium.HybridFramework.TestBase.RegTEST"/>
</testsuite> <!-- com.selenium.HybridFramework.TestBase.RegTEST -->
