<?xml version="1.0" encoding="UTF-8"?>
<!-- Generated by org.testng.reporters.JUnitReportReporter -->
<testsuite skipped="0" hostname="era-PC" name="com.selenium.HybridFramework.TestBase.LoginTEST" tests="2" failures="0" timestamp="13 Jan 2018 10:27:16 GMT" time="38.864" errors="0">
  <testcase name="openURLtest" time="37.990" classname="com.selenium.HybridFramework.TestBase.LoginTEST"/>
  <testcase name="TestSecound" time="0.874" classname="com.selenium.HybridFramework.TestBase.LoginTEST"/>
</testsuite> <!-- com.selenium.HybridFramework.TestBase.LoginTEST -->
