<?xml version="1.0" encoding="UTF-8"?>
<!-- Generated by org.testng.reporters.JUnitReportReporter -->
<testsuite skipped="0" hostname="abc-X551MA" name="com.selenium.HybridFramework.TestBase.LoginTEST" tests="2" failures="0" timestamp="19 Jan 2018 12:10:19 GMT" time="49.290" errors="0">
  <testcase name="TestSecond" time="0.946" classname="com.selenium.HybridFramework.TestBase.LoginTEST"/>
  <testcase name="openURLtest" time="48.344" classname="com.selenium.HybridFramework.TestBase.LoginTEST"/>
</testsuite> <!-- com.selenium.HybridFramework.TestBase.LoginTEST -->
