<?xml version="1.0" encoding="UTF-8"?>
<!-- Generated by org.testng.reporters.JUnitReportReporter -->
<<<<<<< HEAD
<testsuite skipped="0" hostname="era-PC" name="com.selenium.HybridFramework.TestBase.RegTEST" tests="5" failures="0" timestamp="11 Jan 2018 08:51:02 GMT" time="57.518" errors="1">
  <testcase name="BrowserHelperTest" time="56.894" classname="com.selenium.HybridFramework.TestBase.RegTEST">
    <error type="org.openqa.selenium.SessionNotCreatedException" message="Tried to run command without establishing a connection
Build info: version: &#039;3.8.1&#039;, revision: &#039;6e95a6684b&#039;, time: &#039;2017-12-01T18:33:54.468Z&#039;
System info: host: &#039;ERA-PC&#039;, ip: &#039;192.168.1.211&#039;, os.name: &#039;Windows 7&#039;, os.arch: &#039;amd64&#039;, os.version: &#039;6.1&#039;, java.version: &#039;1.8.0_151&#039;
Driver info: org.openqa.selenium.firefox.FirefoxDriver
Capabilities {acceptInsecureCerts: true, browserName: firefox, browserVersion: 57.0.4, javascriptEnabled: true, moz:accessibilityChecks: false, moz:headless: false, moz:processID: 5004, moz:profile: C:\Users\era\AppData\Local\..., moz:webdriverClick: false, pageLoadStrategy: normal, platform: XP, platformName: XP, platformVersion: 6.1, rotatable: false, timeouts: {implicit: 0, pageLoad: 300000, script: 30000}}
Session ID: d8cb83f3-4441-4180-a394-ded772280c08">
      <![CDATA[org.openqa.selenium.SessionNotCreatedException: Tried to run command without establishing a connection
Build info: version: '3.8.1', revision: '6e95a6684b', time: '2017-12-01T18:33:54.468Z'
System info: host: 'ERA-PC', ip: '192.168.1.211', os.name: 'Windows 7', os.arch: 'amd64', os.version: '6.1', java.version: '1.8.0_151'
Driver info: org.openqa.selenium.firefox.FirefoxDriver
Capabilities {acceptInsecureCerts: true, browserName: firefox, browserVersion: 57.0.4, javascriptEnabled: true, moz:accessibilityChecks: false, moz:headless: false, moz:processID: 5004, moz:profile: C:\Users\era\AppData\Local\..., moz:webdriverClick: false, pageLoadStrategy: normal, platform: XP, platformName: XP, platformVersion: 6.1, rotatable: false, timeouts: {implicit: 0, pageLoad: 300000, script: 30000}}
Session ID: d8cb83f3-4441-4180-a394-ded772280c08
	at sun.reflect.NativeConstructorAccessorImpl.newInstance0(Native Method)
	at sun.reflect.NativeConstructorAccessorImpl.newInstance(Unknown Source)
	at sun.reflect.DelegatingConstructorAccessorImpl.newInstance(Unknown Source)
	at java.lang.reflect.Constructor.newInstance(Unknown Source)
	at org.openqa.selenium.remote.http.W3CHttpResponseCodec.createException(W3CHttpResponseCodec.java:187)
	at org.openqa.selenium.remote.http.W3CHttpResponseCodec.decode(W3CHttpResponseCodec.java:122)
	at org.openqa.selenium.remote.http.W3CHttpResponseCodec.decode(W3CHttpResponseCodec.java:49)
	at org.openqa.selenium.remote.HttpCommandExecutor.execute(HttpCommandExecutor.java:164)
	at org.openqa.selenium.remote.service.DriverCommandExecutor.execute(DriverCommandExecutor.java:83)
	at org.openqa.selenium.remote.RemoteWebDriver.execute(RemoteWebDriver.java:601)
	at org.openqa.selenium.remote.RemoteWebDriver.execute(RemoteWebDriver.java:658)
	at org.openqa.selenium.remote.RemoteWebDriver$RemoteNavigation.refresh(RemoteWebDriver.java:920)
	at com.selenium.HybridFramework.helper.Browser.BrowserHelper.refresh(BrowserHelper.java:31)
	at com.selenium.HybridFramework.TestBase.RegTEST.BrowserHelperTest(RegTEST.java:87)
	at sun.reflect.NativeMethodAccessorImpl.invoke0(Native Method)
	at sun.reflect.NativeMethodAccessorImpl.invoke(Unknown Source)
	at sun.reflect.DelegatingMethodAccessorImpl.invoke(Unknown Source)
	at java.lang.reflect.Method.invoke(Unknown Source)
	at org.testng.internal.MethodInvocationHelper.invokeMethod(MethodInvocationHelper.java:108)
	at org.testng.internal.Invoker.invokeMethod(Invoker.java:669)
	at org.testng.internal.Invoker.invokeTestMethod(Invoker.java:877)
	at org.testng.internal.Invoker.invokeTestMethods(Invoker.java:1201)
	at org.testng.internal.TestMethodWorker.invokeTestMethods(TestMethodWorker.java:125)
	at org.testng.internal.TestMethodWorker.run(TestMethodWorker.java:109)
	at org.testng.TestRunner.privateRun(TestRunner.java:776)
	at org.testng.TestRunner.run(TestRunner.java:634)
	at org.testng.SuiteRunner.runTest(SuiteRunner.java:425)
	at org.testng.SuiteRunner.runSequentially(SuiteRunner.java:420)
	at org.testng.SuiteRunner.privateRun(SuiteRunner.java:385)
	at org.testng.SuiteRunner.run(SuiteRunner.java:334)
	at org.testng.SuiteRunnerWorker.runSuite(SuiteRunnerWorker.java:52)
	at org.testng.SuiteRunnerWorker.run(SuiteRunnerWorker.java:86)
	at org.testng.TestNG.runSuitesSequentially(TestNG.java:1318)
	at org.testng.TestNG.runSuitesLocally(TestNG.java:1243)
	at org.testng.TestNG.runSuites(TestNG.java:1161)
	at org.testng.TestNG.run(TestNG.java:1129)
	at org.testng.remote.AbstractRemoteTestNG.run(AbstractRemoteTestNG.java:114)
	at org.testng.remote.RemoteTestNG.initAndRun(RemoteTestNG.java:251)
	at org.testng.remote.RemoteTestNG.main(RemoteTestNG.java:77)
]]>
    </error>
  </testcase> <!-- BrowserHelperTest -->
  <testcase name="doRegisterTest" time="0.141" classname="com.selenium.HybridFramework.TestBase.RegTEST"/>
  <testcase name="newtest" time="0.188" classname="com.selenium.HybridFramework.TestBase.RegTEST"/>
  <testcase name="voidbn" time="0.140" classname="com.selenium.HybridFramework.TestBase.RegTEST"/>
  <testcase name="bbn" time="0.155" classname="com.selenium.HybridFramework.TestBase.RegTEST"/>
</testsuite> <!-- com.selenium.HybridFramework.TestBase.RegTEST -->
=======
<testsuite skipped="0" hostname="abc-X551MA" name="com.selenium.HybridFramework.TestBase.RegTEST" tests="5" failures="0" timestamp="18 Jan 2018 12:38:08 GMT" time="55.289" errors="0">
  <testcase name="BrowserHelperTest" time="54.447" classname="com.selenium.HybridFramework.TestBase.RegTEST"/>
  <testcase name="doRegisterTest" time="0.192" classname="com.selenium.HybridFramework.TestBase.RegTEST"/>
  <testcase name="bbn" time="0.289" classname="com.selenium.HybridFramework.TestBase.RegTEST"/>
  <testcase name="voidbn" time="0.144" classname="com.selenium.HybridFramework.TestBase.RegTEST"/>
  <testcase name="newtest" time="0.217" classname="com.selenium.HybridFramework.TestBase.RegTEST"/>
</testsuite> <!-- com.selenium.HybridFramework.TestBase.RegTEST -->
>>>>>>> 3630b908c92125b06aa47fb5ec7059d6511b61be
