<?xml version="1.0" encoding="UTF-8"?>
<!-- Generated by org.testng.reporters.JUnitReportReporter -->
<testsuite skipped="0" hostname="abc-X551MA" name="com.selenium.HybridFramework.TestBase.LoginTEST" tests="2" failures="0" timestamp="19 Jan 2018 09:49:36 GMT" time="112.128" errors="0">
  <testcase name="TestSecond" time="1.004" classname="com.selenium.HybridFramework.TestBase.LoginTEST"/>
  <testcase name="openURLtest" time="111.124" classname="com.selenium.HybridFramework.TestBase.LoginTEST"/>
</testsuite> <!-- com.selenium.HybridFramework.TestBase.LoginTEST -->
